Build started 12/3/2015 3:56:50 PM.
     1>Project "D:\SE\Project\Calendified\UI\UI.vcxproj" on node 2 (Build target(s)).
     1>ClCompile:
         D:\Program Files (x86)\Microsoft Visual Studio 11.0\VC\bin\CL.exe /c /IC:\Users\JINGZHEN\Desktop\main\Calendified\Library /ID:\SE\Project\Calendified\Library /I\\psf\Home\Desktop\main\Calendified\Library /I\\psf\Home\Desktop\Calendified\Library /IC:\Users\Junhan\Documents\GitHub\main\Calendified\Library /Ix /AI"C:\Program Files (x86)\Reference Assemblies\Microsoft\Framework\.NETFramework\v4.5\\" /AI"C:\Program Files (x86)\Windows Kits\8.0\References\CommonConfiguration\Neutral" /AI"C:\Program Files (x86)\Reference Assemblies\Microsoft\Framework\.NETFramework\v4.5\Facades\\" /Zi /clr /nologo /W3 /WX- /Od /Oy- /D WIN32 /D _DEBUG /D _UNICODE /D UNICODE /EHa /MDd /GS /fp:precise /Zc:wchar_t /Zc:forScope /Fo"Debug\\" /Fd"Debug\vc110.pdb" /TP /FU"C:\Program Files (x86)\Reference Assemblies\Microsoft\Framework\.NETFramework\v4.5\mscorlib.dll" /FU"C:\Program Files (x86)\Reference Assemblies\Microsoft\Framework\.NETFramework\v4.5\System.Data.dll" /FU"C:\Program Files (x86)\Reference Assemblies\Microsoft\Framework\.NETFramework\v4.5\System.dll" /FU"C:\Program Files (x86)\Reference Assemblies\Microsoft\Framework\.NETFramework\v4.5\System.Drawing.dll" /FU"C:\Program Files (x86)\Reference Assemblies\Microsoft\Framework\.NETFramework\v4.5\System.Windows.Forms.dll" /FU"C:\Program Files (x86)\Reference Assemblies\Microsoft\Framework\.NETFramework\v4.5\System.Xml.dll" /analyze- /errorReport:prompt /clr:nostdlib CalendifiedGUI.cpp
         CalendifiedGUI.cpp
     1>d:\se\project\calendified\ui\CalendifiedGUI.h(316): warning C4996: 'sprintf': This function or variable may be unsafe. Consider using sprintf_s instead. To disable deprecation, use _CRT_SECURE_NO_WARNINGS. See online help for details.
                 D:\Program Files (x86)\Microsoft Visual Studio 11.0\VC\include\stdio.h(357) : see declaration of 'sprintf'
     1>d:\se\project\calendified\ui\CalendifiedGUI.h(346): warning C4101: 'mystream' : unreferenced local variable
     1>d:\se\project\calendified\ui\CalendifiedGUI.h(397): warning C4996: '_sleep': This function or variable has been superceded by newer library or operating system functionality. Consider using Sleep instead. See online help for details.
                 D:\Program Files (x86)\Microsoft Visual Studio 11.0\VC\include\stdlib.h(881) : see declaration of '_sleep'
     1>CalendifiedGUI.cpp(8): warning C4829: Possibly incorrect parameters to function main. Consider 'int main(Platform::Array<Platform::String^>^ argv)'
       Link:
         D:\Program Files (x86)\Microsoft Visual Studio 11.0\VC\bin\link.exe /ERRORREPORT:PROMPT /OUT:"D:\SE\Project\Calendified\Debug\UI.exe" /INCREMENTAL /NOLOGO /ASSEMBLYRESOURCE:Debug\UI.CalendifiedGUI.resources /MANIFEST /MANIFESTUAC:"level='asInvoker' uiAccess='false'" /manifest:embed /DEBUG /PDB:"D:\SE\Project\Calendified\Debug\UI.pdb" /ASSEMBLYDEBUG /SUBSYSTEM:WINDOWS /TLBID:1 /ENTRY:"main" /DYNAMICBASE /FIXED:NO /NXCOMPAT /MACHINE:X86 Debug\UI.res
         Debug\CalendifiedGUI.obj
         "Debug\.NETFramework,Version=v4.5.AssemblyAttributes.obj"
         D:\SE\Project\Calendified\Debug\Library.lib
     1>Library.lib(main.obj) : warning LNK4075: ignoring '/EDITANDCONTINUE' due to '/OPT:LBR' specification
         UI.vcxproj -> D:\SE\Project\Calendified\Debug\UI.exe
     1>Done Building Project "D:\SE\Project\Calendified\UI\UI.vcxproj" (Build target(s)).

Build succeeded.

Time Elapsed 00:00:03.00
